Android/app/build/intermediates/manifest_merge_blame_file/debug/manifest-merger-blame-debug-report.txt
1<?xml version="1.0" encoding="utf-8"?>
2<manifest xmlns:android="http://schemas.android.com/apk/res/android"
3    package="com.tencent.qcloud.tuikit.tuipusher.demo"
4    android:versionCode="1"
5    android:versionName="1.0" >
6
7    <uses-sdk
8        android:minSdkVersion="26"
8-->src/main/AndroidManifest.xml
9        android:targetSdkVersion="26" />
9-->src/main/AndroidManifest.xml
10
11    <uses-permission android:name="android.permission.WAKE_LOCK" />
11-->src/main/AndroidManifest.xml:6:5-68
11-->src/main/AndroidManifest.xml:6:22-65
12    <uses-permission android:name="android.permission.INTERNET" />
12-->src/main/AndroidManifest.xml:7:5-67
12-->src/main/AndroidManifest.xml:7:22-64
13    <uses-permission android:name="android.permission.RECORD_AUDIO" />
13-->src/main/AndroidManifest.xml:8:5-71
13-->src/main/AndroidManifest.xml:8:22-68
14    <uses-permission android:name="android.permission.CAMERA" />
14-->src/main/AndroidManifest.xml:9:5-65
14-->src/main/AndroidManifest.xml:9:22-62
15
16    <uses-feature android:name="android.hardware.camera" />
16-->src/main/AndroidManifest.xml:10:5-60
16-->src/main/AndroidManifest.xml:10:19-57
17    <uses-feature android:name="android.hardware.camera.autofocus" />
17-->src/main/AndroidManifest.xml:11:5-70
17-->src/main/AndroidManifest.xml:11:19-67
18
19    <!-- sdk 网络状态获取 -->
20    <uses-permission android:name="android.permission.ACCESS_NETWORK_STATE" /> <!-- sdk wifi状态获取 -->
20-->[com.tencent.liteav:LiteAVSDK_Live:9.5.11347] AndroidManifest.xml:14:5-79
20-->[com.tencent.liteav:LiteAVSDK_Live:9.5.11347] AndroidManifest.xml:14:22-76
21    <uses-permission android:name="android.permission.ACCESS_WIFI_STATE" /> <!-- sdk log及配置文件 -->
21-->[com.tencent.liteav:LiteAVSDK_Live:9.5.11347] AndroidManifest.xml:16:5-76
21-->[com.tencent.liteav:LiteAVSDK_Live:9.5.11347] AndroidManifest.xml:16:22-73
22    <uses-permission android:name="android.permission.WRITE_EXTERNAL_STORAGE" />
22-->[com.tencent.liteav:LiteAVSDK_Live:9.5.11347] AndroidManifest.xml:18:5-81
22-->[com.tencent.liteav:LiteAVSDK_Live:9.5.11347] AndroidManifest.xml:18:22-78
23    <uses-permission android:name="android.permission.READ_EXTERNAL_STORAGE" /> <!-- 音频改变音量类型 -->
23-->[com.tencent.liteav:LiteAVSDK_Live:9.5.11347] AndroidManifest.xml:19:5-80
23-->[com.tencent.liteav:LiteAVSDK_Live:9.5.11347] AndroidManifest.xml:19:22-77
24    <uses-permission android:name="android.permission.MODIFY_AUDIO_SETTINGS" /> <!-- 音频获取蓝牙耳机状态 -->
24-->[com.tencent.liteav:LiteAVSDK_Live:9.5.11347] AndroidManifest.xml:25:5-80
24-->[com.tencent.liteav:LiteAVSDK_Live:9.5.11347] AndroidManifest.xml:25:22-77
25    <uses-permission android:name="android.permission.BLUETOOTH" />
25-->[com.tencent.liteav:LiteAVSDK_Live:9.5.11347] AndroidManifest.xml:27:5-68
25-->[com.tencent.liteav:LiteAVSDK_Live:9.5.11347] AndroidManifest.xml:27:22-65
26
27    <application
27-->src/main/AndroidManifest.xml:13:5-47:19
28        android:name="com.tencent.qcloud.tuikit.tuipusher.demo.DemoApplication"
28-->src/main/AndroidManifest.xml:14:9-80
29        android:allowBackup="false"
29-->src/main/AndroidManifest.xml:15:9-36
30        android:appComponentFactory="androidx.core.app.CoreComponentFactory"
30-->[androidx.core:core:1.5.0] AndroidManifest.xml:24:18-86
31        android:debuggable="true"
32        android:extractNativeLibs="false"
33        android:icon="@drawable/ic_launcher"
33-->src/main/AndroidManifest.xml:16:9-45
34        android:label="@string/app_name"
34-->src/main/AndroidManifest.xml:17:9-41
35        android:roundIcon="@drawable/ic_launcher"
35-->src/main/AndroidManifest.xml:18:9-50
36        android:supportsRtl="true"
36-->src/main/AndroidManifest.xml:19:9-35
37        android:testOnly="true"
38        android:theme="@style/Theme.AppCompat.DayNight.NoActionBar"
38-->src/main/AndroidManifest.xml:20:9-68
39        android:usesCleartextTraffic="true" >
39-->[com.tencent.liteav:LiteAVSDK_Live:9.5.11347] AndroidManifest.xml:32:9-44
40        <activity
40-->src/main/AndroidManifest.xml:22:9-31:20
41            android:name="com.tencent.qcloud.tuikit.tuipusher.demo.SplashActivity"
41-->src/main/AndroidManifest.xml:23:13-83
42            android:screenOrientation="portrait" >
42-->src/main/AndroidManifest.xml:24:13-49
43            <intent-filter>
43-->src/main/AndroidManifest.xml:25:13-30:29
44                <action android:name="android.intent.action.MAIN" />
44-->src/main/AndroidManifest.xml:26:17-69
44-->src/main/AndroidManifest.xml:26:25-66
45
46                <category android:name="android.intent.category.LAUNCHER" />
46-->src/main/AndroidManifest.xml:28:17-77
46-->src/main/AndroidManifest.xml:28:27-74
47                <category android:name="android.intent.category.DEFAULT" />
47-->src/main/AndroidManifest.xml:29:17-76
47-->src/main/AndroidManifest.xml:29:27-73
48            </intent-filter>
49        </activity>
50        <activity
50-->src/main/AndroidManifest.xml:33:9-36:66
51            android:name="com.tencent.qcloud.tuikit.tuipusher.demo.LoginActivity"
51-->src/main/AndroidManifest.xml:34:13-82
52            android:launchMode="singleTask"
52-->src/main/AndroidManifest.xml:35:13-44
53            android:theme="@style/Theme.AppCompat.NoActionBar" />
53-->src/main/AndroidManifest.xml:36:13-63
54        <activity
54-->src/main/AndroidManifest.xml:38:9-45:20
55            android:name="com.tencent.qcloud.tuikit.tuipusher.demo.MainActivity"
55-->src/main/AndroidManifest.xml:39:13-81
56            android:screenOrientation="portrait" >
56-->src/main/AndroidManifest.xml:40:13-49
57            <intent-filter>
57-->src/main/AndroidManifest.xml:41:13-44:29
58                <action android:name="com.tencent.liteav.action.portal" />
58-->src/main/AndroidManifest.xml:42:17-75
58-->src/main/AndroidManifest.xml:42:25-72
59
60                <category android:name="android.intent.category.DEFAULT" />
60-->src/main/AndroidManifest.xml:29:17-76
60-->src/main/AndroidManifest.xml:29:27-73
61            </intent-filter>
62        </activity>
63        <activity
63-->[com.blankj:utilcode:1.25.9] AndroidManifest.xml:10:9-15:75
64            android:name="com.blankj.utilcode.util.PermissionUtils$PermissionActivity"
64-->[com.blankj:utilcode:1.25.9] AndroidManifest.xml:11:13-87
65            android:configChanges="orientation|keyboardHidden|screenSize"
65-->[com.blankj:utilcode:1.25.9] AndroidManifest.xml:12:13-74
66            android:multiprocess="true"
66-->[com.blankj:utilcode:1.25.9] AndroidManifest.xml:13:13-40
67            android:theme="@style/ActivityTranslucent"
67-->[com.blankj:utilcode:1.25.9] AndroidManifest.xml:14:13-55
68            android:windowSoftInputMode="stateHidden|stateAlwaysHidden" />
68-->[com.blankj:utilcode:1.25.9] AndroidManifest.xml:15:13-72
69
70        <provider
70-->[com.blankj:utilcode:1.25.9] AndroidManifest.xml:17:9-26:20
71            android:name="com.blankj.utilcode.util.Utils$FileProvider4UtilCode"
71-->[com.blankj:utilcode:1.25.9] AndroidManifest.xml:18:13-80
72            android:authorities="com.tencent.qcloud.tuikit.tuipusher.demo.utilcode.provider"
72-->[com.blankj:utilcode:1.25.9] AndroidManifest.xml:19:13-69
73            android:exported="false"
73-->[com.blankj:utilcode:1.25.9] AndroidManifest.xml:20:13-37
74            android:grantUriPermissions="true"
74-->[com.blankj:utilcode:1.25.9] AndroidManifest.xml:21:13-47
75            android:multiprocess="true" >
75-->[com.blankj:utilcode:1.25.9] AndroidManifest.xml:22:13-40
76            <meta-data
76-->[com.blankj:utilcode:1.25.9] AndroidManifest.xml:23:13-25:68
77                android:name="android.support.FILE_PROVIDER_PATHS"
77-->[com.blankj:utilcode:1.25.9] AndroidManifest.xml:24:17-67
78                android:resource="@xml/util_code_provider_paths" />
78-->[com.blankj:utilcode:1.25.9] AndroidManifest.xml:25:17-65
79        </provider>
80
81        <service android:name="com.blankj.utilcode.util.MessengerUtils$ServerService" >
81-->[com.blankj:utilcode:1.25.9] AndroidManifest.xml:28:9-32:19
81-->[com.blankj:utilcode:1.25.9] AndroidManifest.xml:28:18-86
82            <intent-filter>
82-->[com.blankj:utilcode:1.25.9] AndroidManifest.xml:29:13-31:29
83                <action android:name="com.tencent.qcloud.tuikit.tuipusher.demo.messenger" />
83-->[com.blankj:utilcode:1.25.9] AndroidManifest.xml:30:17-69
83-->[com.blankj:utilcode:1.25.9] AndroidManifest.xml:30:25-66
84            </intent-filter>
85        </service>
86
87        <activity
87-->[com.tencent.liteav:LiteAVSDK_Live:9.5.11347] AndroidManifest.xml:33:9-35:86
88            android:name="com.tencent.liteav.video.TXScreenCapture$TXScreenCaptureAssistantActivity"
88-->[com.tencent.liteav:LiteAVSDK_Live:9.5.11347] AndroidManifest.xml:34:13-101
89            android:theme="@android:style/Theme.Translucent.NoTitleBar.Fullscreen" />
89-->[com.tencent.liteav:LiteAVSDK_Live:9.5.11347] AndroidManifest.xml:35:13-83
90        <activity
90-->[com.tencent.liteav.tuikit:tuicore:1.0.3] AndroidManifest.xml:10:9-12:52
91            android:name="com.tencent.qcloud.tuicore.component.activities.SelectionActivity"
91-->[com.tencent.liteav.tuikit:tuicore:1.0.3] AndroidManifest.xml:11:13-93
92            android:screenOrientation="portrait" />
92-->[com.tencent.liteav.tuikit:tuicore:1.0.3] AndroidManifest.xml:12:13-49
93
94        <provider
94-->[com.tencent.liteav.tuikit:tuicore:1.0.3] AndroidManifest.xml:14:9-18:40
95            android:name="com.tencent.qcloud.tuicore.ServiceInitializer"
95-->[com.tencent.liteav.tuikit:tuicore:1.0.3] AndroidManifest.xml:15:13-73
96            android:authorities="com.tencent.qcloud.tuikit.tuipusher.demo.TUICore.Init"
96-->[com.tencent.liteav.tuikit:tuicore:1.0.3] AndroidManifest.xml:16:13-64
97            android:enabled="true"
97-->[com.tencent.liteav.tuikit:tuicore:1.0.3] AndroidManifest.xml:17:13-35
98            android:exported="false" />
98-->[com.tencent.liteav.tuikit:tuicore:1.0.3] AndroidManifest.xml:18:13-37
99        <provider
99-->[com.tencent.liteav.tuikit:tuicore:1.0.3] AndroidManifest.xml:19:9-27:20
100            android:name="com.tencent.qcloud.tuicore.util.TUIFileProvider"
100-->[com.tencent.liteav.tuikit:tuicore:1.0.3] AndroidManifest.xml:20:13-75
101            android:authorities="com.tencent.qcloud.tuikit.tuipusher.demo.tuicore.fileprovider"
101-->[com.tencent.liteav.tuikit:tuicore:1.0.3] AndroidManifest.xml:21:13-72
102            android:exported="false"
102-->[com.tencent.liteav.tuikit:tuicore:1.0.3] AndroidManifest.xml:22:13-37
103            android:grantUriPermissions="true" >
103-->[com.tencent.liteav.tuikit:tuicore:1.0.3] AndroidManifest.xml:23:13-47
104            <meta-data
104-->[com.blankj:utilcode:1.25.9] AndroidManifest.xml:23:13-25:68
105                android:name="android.support.FILE_PROVIDER_PATHS"
105-->[com.blankj:utilcode:1.25.9] AndroidManifest.xml:24:17-67
106                android:resource="@xml/file_paths_public" />
106-->[com.blankj:utilcode:1.25.9] AndroidManifest.xml:25:17-65
107        </provider>
108    </application>
109
110</manifest>